<?xml version="1.0" encoding="UTF-8"?>
<testsuite name="com.neo.web.HelloControlerTests" time="0.084" tests="2" errors="0" skipped="0" failures="2">
  <properties>
[...]
</properties>
  <testcase name="testHello" classname="com.neo.web.HelloControlerTests" time="0.063">
    <failure message="Status expected:&lt;200&gt; but was:&lt;405&gt;" type="java.lang.AssertionError"><![CDATA[java.lang.AssertionError: Status expected:<200> but was:<405>
	at org.springframework.test.util.AssertionErrors.fail(AssertionErrors.java:54)
	at org.springframework.test.util.AssertionErrors.assertEquals(AssertionErrors.java:81)
	at org.springframework.test.web.servlet.result.StatusResultMatchers$10.match(StatusResultMatchers.java:665)
	at org.springframework.test.web.servlet.MockMvc$1.andExpect(MockMvc.java:171)
	at com.neo.web.HelloControlerTests.testHello(HelloControlerTests.java:52)
]]></failure>
    <system-out><![CDATA[2018-11-25 20:34:55.542  INFO 5456 --- [           main] .b.t.c.SpringBootTestContextBootstrapper : Neither @ContextConfiguration nor @ContextHierarchy found for test class [com.neo.web.HelloControlerTests], using SpringBootContextLoader
2018-11-25 20:34:55.543  INFO 5456 --- [           main] o.s.t.c.support.AbstractContextLoader    : Could not detect default resource locations for test class [com.neo.web.HelloControlerTests]: no resource found for suffixes {-context.xml, Context.groovy}.
2018-11-25 20:34:55.544  INFO 5456 --- [           main] t.c.s.AnnotationConfigContextLoaderUtils : Could not detect default configuration classes for test class [com.neo.web.HelloControlerTests]: HelloControlerTests does not declare any static, non-private, non-final, nested classes annotated with @Configuration.
2018-11-25 20:34:55.548  INFO 5456 --- [           main] .b.t.c.SpringBootTestContextBootstrapper : Found @SpringBootConfiguration com.neo.Application for test class com.neo.web.HelloControlerTests
2018-11-25 20:34:55.551  INFO 5456 --- [           main] .b.t.c.SpringBootTestContextBootstrapper : Loaded default TestExecutionListener class names from location [META-INF/spring.factories]: [org.springframework.boot.test.mock.mockito.MockitoTestExecutionListener, org.springframework.boot.test.mock.mockito.ResetMocksTestExecutionListener, org.springframework.boot.test.autoconfigure.restdocs.RestDocsTestExecutionListener, org.springframework.boot.test.autoconfigure.web.client.MockRestServiceServerResetTestExecutionListener, org.springframework.boot.test.autoconfigure.web.servlet.MockMvcPrintOnlyOnFailureTestExecutionListener, org.springframework.boot.test.autoconfigure.web.servlet.WebDriverTestExecutionListener, org.springframework.test.context.web.ServletTestExecutionListener, org.springframework.test.context.support.DirtiesContextBeforeModesTestExecutionListener, org.springframework.test.context.support.DependencyInjectionTestExecutionListener, org.springframework.test.context.support.DirtiesContextTestExecutionListener, org.springframework.test.context.transaction.TransactionalTestExecutionListener, org.springframework.test.context.jdbc.SqlScriptsTestExecutionListener]
2018-11-25 20:34:55.554  INFO 5456 --- [           main] .b.t.c.SpringBootTestContextBootstrapper : Using TestExecutionListeners: [org.springframework.test.context.web.ServletTestExecutionListener@71945bc0, org.springframework.test.context.support.DirtiesContextBeforeModesTestExecutionListener@22a0d4ea, org.springframework.boot.test.autoconfigure.SpringBootDependencyInjectionTestExecutionListener@49ede9c7, org.springframework.test.context.support.DirtiesContextTestExecutionListener@6ecdbab8, org.springframework.test.context.transaction.TransactionalTestExecutionListener@3dd4a6fa, org.springframework.test.context.jdbc.SqlScriptsTestExecutionListener@19f7222e, org.springframework.boot.test.autoconfigure.restdocs.RestDocsTestExecutionListener@3f725306, org.springframework.boot.test.autoconfigure.web.servlet.WebDriverTestExecutionListener@3c69362a, org.springframework.boot.test.autoconfigure.web.servlet.MockMvcPrintOnlyOnFailureTestExecutionListener@2412a42b, org.springframework.boot.test.mock.mockito.ResetMocksTestExecutionListener@45404d5, org.springframework.boot.test.autoconfigure.web.client.MockRestServiceServerResetTestExecutionListener@29138d3a, org.springframework.boot.test.mock.mockito.MockitoTestExecutionListener@5cbe2654]
2018-11-25 20:34:55.579  INFO 5456 --- [           main] ilder$StaticRequestMappingHandlerMapping : Mapped "{[/uid]}" onto java.lang.String com.neo.web.HelloController.uid(javax.servlet.http.HttpSession)
2018-11-25 20:34:55.580  INFO 5456 --- [           main] ilder$StaticRequestMappingHandlerMapping : Mapped "{[/hello],methods=[POST]}" onto public int com.neo.web.HelloController.hello(com.neo.entity.Test)
2018-11-25 20:34:55.593  INFO 5456 --- [           main] s.w.s.m.m.a.RequestMappingHandlerAdapter : Looking for @ControllerAdvice: org.springframework.test.web.servlet.setup.StubWebApplicationContext@4207609e
2018-11-25 20:34:55.607  INFO 5456 --- [           main] o.s.mock.web.MockServletContext          : Initializing Spring FrameworkServlet ''
2018-11-25 20:34:55.608  INFO 5456 --- [           main] o.s.t.web.servlet.TestDispatcherServlet  : FrameworkServlet '': initialization started
2018-11-25 20:34:55.609  INFO 5456 --- [           main] o.s.t.web.servlet.TestDispatcherServlet  : FrameworkServlet '': initialization completed in 1 ms
2018-11-25 20:34:55.657  WARN 5456 --- [           main] o.s.web.servlet.PageNotFound             : Request method 'GET' not supported
]]></system-out>
  </testcase>
  <testcase name="getHello" classname="com.neo.web.HelloControlerTests" time="0.021">
    <failure message="Status expected:&lt;200&gt; but was:&lt;405&gt;" type="java.lang.AssertionError"><![CDATA[java.lang.AssertionError: Status expected:<200> but was:<405>
	at org.springframework.test.util.AssertionErrors.fail(AssertionErrors.java:54)
	at org.springframework.test.util.AssertionErrors.assertEquals(AssertionErrors.java:81)
	at org.springframework.test.web.servlet.result.StatusResultMatchers$10.match(StatusResultMatchers.java:665)
	at org.springframework.test.web.servlet.MockMvc$1.andExpect(MockMvc.java:171)
	at com.neo.web.HelloControlerTests.getHello(HelloControlerTests.java:42)
]]></failure>
    <system-out><![CDATA[2018-11-25 20:34:55.679  INFO 5456 --- [           main] ilder$StaticRequestMappingHandlerMapping : Mapped "{[/uid]}" onto java.lang.String com.neo.web.HelloController.uid(javax.servlet.http.HttpSession)
2018-11-25 20:34:55.680  INFO 5456 --- [           main] ilder$StaticRequestMappingHandlerMapping : Mapped "{[/hello],methods=[POST]}" onto public int com.neo.web.HelloController.hello(com.neo.entity.Test)
2018-11-25 20:34:55.689  INFO 5456 --- [           main] s.w.s.m.m.a.RequestMappingHandlerAdapter : Looking for @ControllerAdvice: org.springframework.test.web.servlet.setup.StubWebApplicationContext@53ec2968
2018-11-25 20:34:55.693  INFO 5456 --- [           main] o.s.mock.web.MockServletContext          : Initializing Spring FrameworkServlet ''
2018-11-25 20:34:55.694  INFO 5456 --- [           main] o.s.t.web.servlet.TestDispatcherServlet  : FrameworkServlet '': initialization started
2018-11-25 20:34:55.694  INFO 5456 --- [           main] o.s.t.web.servlet.TestDispatcherServlet  : FrameworkServlet '': initialization completed in 0 ms
2018-11-25 20:34:55.695  WARN 5456 --- [           main] o.s.web.servlet.PageNotFound             : Request method 'GET' not supported
]]></system-out>
  </testcase>
</testsuite>